ARGV
-i 447283
-i 447283
-i 447283
-i 447283
-i 447283
-i 447283
logger:-i 447283
logger -i 447283
logger -i 447283
logger -i 447283
logger -i 447283
logger -i 453892
logger -i 455115
logger 
logger -i 447283
logger -i 447283
logger -i 447283
logger -i 447283
logger -i 447283
logger -i 447283
logger -i 447283
logger -i 447283
logger -i 447283
logger -i 447283
logger -i
logger -i 447283
logger -i 455115
logger -i 447283
logger -i 455115
logger -i 455115
logger -i 455115
logger -i 455115
logger -i 455115
logger -i 455115
logger -i 455115
logger -i 455115
logger -i 455115
logger -i 455115
logger -i 455115
